<?xml version="1.0" encoding="UTF-8"?>
<testsuite xmlns:xsi="http://www.w3.org/2001/XMLSchema-instance" xsi:noNamespaceSchemaLocation="https://maven.apache.org/surefire/maven-surefire-plugin/xsd/surefire-test-report.xsd" name="com.modelagem.AppTest" time="0.04" tests="3" errors="0" skipped="0" failures="0">
  <properties>
[...]
</properties>
  <testcase name="shouldAnswerWithTrue" classname="com.modelagem.AppTest" time="0.002"/>
  <testcase name="testApp" classname="com.modelagem.AppTest" time="0"/>
  <testcase name="testApp2" classname="com.modelagem.AppTest" time="0"/>
</testsuite>